<?xml version="1.0" encoding="UTF-8"?>
<testsuite xmlns:xsi="http://www.w3.org/2001/XMLSchema-instance" xsi:noNamespaceSchemaLocation="https://maven.apache.org/surefire/maven-surefire-plugin/xsd/surefire-test-report.xsd" name="com.wifimodule.wifitraking.WifiTrakingApplicationTests" time="1.91" tests="1" errors="0" skipped="0" failures="0">
  <properties>
    <property name="awt.toolkit" value="sun.awt.X11.XToolkit"/>
    <property name="java.specification.version" value="11"/>
    <property name="sun.cpu.isalist" value=""/>
    <property name="sun.jnu.encoding" value="UTF-8"/>
    <property name="java.class.path" value="/home/traian/Desktop/hakaton2021/wifi-traking/target/test-classes:/home/traian/Desktop/hakaton2021/wifi-traking/target/classes:/home/traian/.m2/repository/org/springframework/boot/spring-boot-starter-websocket/2.4.12/spring-boot-starter-websocket-2.4.12.jar:/home/traian/.m2/repository/org/springframework/boot/spring-boot-starter-web/2.4.12/spring-boot-starter-web-2.4.12.jar:/home/traian/.m2/repository/org/springframework/boot/spring-boot-starter-json/2.4.12/spring-boot-starter-json-2.4.12.jar:/home/traian/.m2/repository/com/fasterxml/jackson/core/jackson-databind/2.11.4/jackson-databind-2.11.4.jar:/home/traian/.m2/repository/com/fasterxml/jackson/core/jackson-annotations/2.11.4/jackson-annotations-2.11.4.jar:/home/traian/.m2/repository/com/fasterxml/jackson/datatype/jackson-datatype-jdk8/2.11.4/jackson-datatype-jdk8-2.11.4.jar:/home/traian/.m2/repository/com/fasterxml/jackson/datatype/jackson-datatype-jsr310/2.11.4/jackson-datatype-jsr310-2.11.4.jar:/home/traian/.m2/repository/com/fasterxml/jackson/module/jackson-module-parameter-names/2.11.4/jackson-module-parameter-names-2.11.4.jar:/home/traian/.m2/repository/org/springframework/boot/spring-boot-starter-tomcat/2.4.12/spring-boot-starter-tomcat-2.4.12.jar:/home/traian/.m2/repository/org/apache/tomcat/embed/tomcat-embed-core/9.0.54/tomcat-embed-core-9.0.54.jar:/home/traian/.m2/repository/org/glassfish/jakarta.el/3.0.4/jakarta.el-3.0.4.jar:/home/traian/.m2/repository/org/apache/tomcat/embed/tomcat-embed-websocket/9.0.54/tomcat-embed-websocket-9.0.54.jar:/home/traian/.m2/repository/org/springframework/spring-web/5.3.12/spring-web-5.3.12.jar:/home/traian/.m2/repository/org/springframework/spring-webmvc/5.3.12/spring-webmvc-5.3.12.jar:/home/traian/.m2/repository/org/springframework/spring-aop/5.3.12/spring-aop-5.3.12.jar:/home/traian/.m2/repository/org/springframework/spring-expression/5.3.12/spring-expression-5.3.12.jar:/home/traian/.m2/repository/org/springframework/spring-messaging/5.3.12/spring-messaging-5.3.12.jar:/home/traian/.m2/repository/org/springframework/spring-beans/5.3.12/spring-beans-5.3.12.jar:/home/traian/.m2/repository/org/springframework/spring-websocket/5.3.12/spring-websocket-5.3.12.jar:/home/traian/.m2/repository/org/springframework/spring-context/5.3.12/spring-context-5.3.12.jar:/home/traian/.m2/repository/org/springframework/boot/spring-boot-starter-test/2.4.12/spring-boot-starter-test-2.4.12.jar:/home/traian/.m2/repository/org/springframework/boot/spring-boot-starter/2.4.12/spring-boot-starter-2.4.12.jar:/home/traian/.m2/repository/org/springframework/boot/spring-boot/2.4.12/spring-boot-2.4.12.jar:/home/traian/.m2/repository/org/springframework/boot/spring-boot-autoconfigure/2.4.12/spring-boot-autoconfigure-2.4.12.jar:/home/traian/.m2/repository/org/springframework/boot/spring-boot-starter-logging/2.4.12/spring-boot-starter-logging-2.4.12.jar:/home/traian/.m2/repository/ch/qos/logback/logback-classic/1.2.6/logback-classic-1.2.6.jar:/home/traian/.m2/repository/ch/qos/logback/logback-core/1.2.6/logback-core-1.2.6.jar:/home/traian/.m2/repository/org/apache/logging/log4j/log4j-to-slf4j/2.13.3/log4j-to-slf4j-2.13.3.jar:/home/traian/.m2/repository/org/apache/logging/log4j/log4j-api/2.13.3/log4j-api-2.13.3.jar:/home/traian/.m2/repository/org/slf4j/jul-to-slf4j/1.7.32/jul-to-slf4j-1.7.32.jar:/home/traian/.m2/repository/jakarta/annotation/jakarta.annotation-api/1.3.5/jakarta.annotation-api-1.3.5.jar:/home/traian/.m2/repository/org/yaml/snakeyaml/1.27/snakeyaml-1.27.jar:/home/traian/.m2/repository/org/springframework/boot/spring-boot-test/2.4.12/spring-boot-test-2.4.12.jar:/home/traian/.m2/repository/org/springframework/boot/spring-boot-test-autoconfigure/2.4.12/spring-boot-test-autoconfigure-2.4.12.jar:/home/traian/.m2/repository/com/jayway/jsonpath/json-path/2.4.0/json-path-2.4.0.jar:/home/traian/.m2/repository/net/minidev/json-smart/2.3.1/json-smart-2.3.1.jar:/home/traian/.m2/repository/net/minidev/accessors-smart/2.3.1/accessors-smart-2.3.1.jar:/home/traian/.m2/repository/org/ow2/asm/asm/5.0.4/asm-5.0.4.jar:/home/traian/.m2/repository/jakarta/xml/bind/jakarta.xml.bind-api/2.3.3/jakarta.xml.bind-api-2.3.3.jar:/home/traian/.m2/repository/jakarta/activation/jakarta.activation-api/1.2.2/jakarta.activation-api-1.2.2.jar:/home/traian/.m2/repository/org/assertj/assertj-core/3.18.1/assertj-core-3.18.1.jar:/home/traian/.m2/repository/org/hamcrest/hamcrest/2.2/hamcrest-2.2.jar:/home/traian/.m2/repository/org/junit/jupiter/junit-jupiter/5.7.2/junit-jupiter-5.7.2.jar:/home/traian/.m2/repository/org/junit/jupiter/junit-jupiter-api/5.7.2/junit-jupiter-api-5.7.2.jar:/home/traian/.m2/repository/org/apiguardian/apiguardian-api/1.1.0/apiguardian-api-1.1.0.jar:/home/traian/.m2/repository/org/opentest4j/opentest4j/1.2.0/opentest4j-1.2.0.jar:/home/traian/.m2/repository/org/junit/platform/junit-platform-commons/1.7.2/junit-platform-commons-1.7.2.jar:/home/traian/.m2/repository/org/junit/jupiter/junit-jupiter-params/5.7.2/junit-jupiter-params-5.7.2.jar:/home/traian/.m2/repository/org/junit/jupiter/junit-jupiter-engine/5.7.2/junit-jupiter-engine-5.7.2.jar:/home/traian/.m2/repository/org/junit/platform/junit-platform-engine/1.7.2/junit-platform-engine-1.7.2.jar:/home/traian/.m2/repository/org/mockito/mockito-core/3.6.28/mockito-core-3.6.28.jar:/home/traian/.m2/repository/net/bytebuddy/byte-buddy/1.10.22/byte-buddy-1.10.22.jar:/home/traian/.m2/repository/net/bytebuddy/byte-buddy-agent/1.10.22/byte-buddy-agent-1.10.22.jar:/home/traian/.m2/repository/org/objenesis/objenesis/3.1/objenesis-3.1.jar:/home/traian/.m2/repository/org/mockito/mockito-junit-jupiter/3.6.28/mockito-junit-jupiter-3.6.28.jar:/home/traian/.m2/repository/org/skyscreamer/jsonassert/1.5.0/jsonassert-1.5.0.jar:/home/traian/.m2/repository/com/vaadin/external/google/android-json/0.0.20131108.vaadin1/android-json-0.0.20131108.vaadin1.jar:/home/traian/.m2/repository/org/springframework/spring-core/5.3.12/spring-core-5.3.12.jar:/home/traian/.m2/repository/org/springframework/spring-jcl/5.3.12/spring-jcl-5.3.12.jar:/home/traian/.m2/repository/org/springframework/spring-test/5.3.12/spring-test-5.3.12.jar:/home/traian/.m2/repository/org/xmlunit/xmlunit-core/2.7.0/xmlunit-core-2.7.0.jar:/home/traian/.m2/repository/org/webjars/webjars-locator-core/0.46/webjars-locator-core-0.46.jar:/home/traian/.m2/repository/org/slf4j/slf4j-api/1.7.32/slf4j-api-1.7.32.jar:/home/traian/.m2/repository/io/github/classgraph/classgraph/4.8.69/classgraph-4.8.69.jar:/home/traian/.m2/repository/com/fasterxml/jackson/core/jackson-core/2.11.4/jackson-core-2.11.4.jar:/home/traian/.m2/repository/org/webjars/sockjs-client/1.0.2/sockjs-client-1.0.2.jar:/home/traian/.m2/repository/org/webjars/stomp-websocket/2.3.3/stomp-websocket-2.3.3.jar:/home/traian/.m2/repository/org/webjars/bootstrap/3.3.7/bootstrap-3.3.7.jar:/home/traian/.m2/repository/org/webjars/jquery/3.1.1-1/jquery-3.1.1-1.jar:"/>
    <property name="java.vm.vendor" value="Oracle Corporation"/>
    <property name="sun.arch.data.model" value="64"/>
    <property name="java.vendor.url" value="http://java.oracle.com/"/>
    <property name="user.timezone" value=""/>
    <property name="java.vm.specification.version" value="11"/>
    <property name="os.name" value="Linux"/>
    <property name="sun.java.launcher" value="SUN_STANDARD"/>
    <property name="user.country" value="US"/>
    <property name="sun.boot.library.path" value="/home/traian/tools/jdk-11.0.2/lib"/>
    <property name="sun.java.command" value="/home/traian/Desktop/hakaton2021/wifi-traking/target/surefire/surefirebooter12306293115592229789.jar /home/traian/Desktop/hakaton2021/wifi-traking/target/surefire 2021-11-05T23-52-10_348-jvmRun1 surefire16280452299034268495tmp surefire_03686400418698948339tmp"/>
    <property name="jdk.debug" value="release"/>
    <property name="surefire.test.class.path" value="/home/traian/Desktop/hakaton2021/wifi-traking/target/test-classes:/home/traian/Desktop/hakaton2021/wifi-traking/target/classes:/home/traian/.m2/repository/org/springframework/boot/spring-boot-starter-websocket/2.4.12/spring-boot-starter-websocket-2.4.12.jar:/home/traian/.m2/repository/org/springframework/boot/spring-boot-starter-web/2.4.12/spring-boot-starter-web-2.4.12.jar:/home/traian/.m2/repository/org/springframework/boot/spring-boot-starter-json/2.4.12/spring-boot-starter-json-2.4.12.jar:/home/traian/.m2/repository/com/fasterxml/jackson/core/jackson-databind/2.11.4/jackson-databind-2.11.4.jar:/home/traian/.m2/repository/com/fasterxml/jackson/core/jackson-annotations/2.11.4/jackson-annotations-2.11.4.jar:/home/traian/.m2/repository/com/fasterxml/jackson/datatype/jackson-datatype-jdk8/2.11.4/jackson-datatype-jdk8-2.11.4.jar:/home/traian/.m2/repository/com/fasterxml/jackson/datatype/jackson-datatype-jsr310/2.11.4/jackson-datatype-jsr310-2.11.4.jar:/home/traian/.m2/repository/com/fasterxml/jackson/module/jackson-module-parameter-names/2.11.4/jackson-module-parameter-names-2.11.4.jar:/home/traian/.m2/repository/org/springframework/boot/spring-boot-starter-tomcat/2.4.12/spring-boot-starter-tomcat-2.4.12.jar:/home/traian/.m2/repository/org/apache/tomcat/embed/tomcat-embed-core/9.0.54/tomcat-embed-core-9.0.54.jar:/home/traian/.m2/repository/org/glassfish/jakarta.el/3.0.4/jakarta.el-3.0.4.jar:/home/traian/.m2/repository/org/apache/tomcat/embed/tomcat-embed-websocket/9.0.54/tomcat-embed-websocket-9.0.54.jar:/home/traian/.m2/repository/org/springframework/spring-web/5.3.12/spring-web-5.3.12.jar:/home/traian/.m2/repository/org/springframework/spring-webmvc/5.3.12/spring-webmvc-5.3.12.jar:/home/traian/.m2/repository/org/springframework/spring-aop/5.3.12/spring-aop-5.3.12.jar:/home/traian/.m2/repository/org/springframework/spring-expression/5.3.12/spring-expression-5.3.12.jar:/home/traian/.m2/repository/org/springframework/spring-messaging/5.3.12/spring-messaging-5.3.12.jar:/home/traian/.m2/repository/org/springframework/spring-beans/5.3.12/spring-beans-5.3.12.jar:/home/traian/.m2/repository/org/springframework/spring-websocket/5.3.12/spring-websocket-5.3.12.jar:/home/traian/.m2/repository/org/springframework/spring-context/5.3.12/spring-context-5.3.12.jar:/home/traian/.m2/repository/org/springframework/boot/spring-boot-starter-test/2.4.12/spring-boot-starter-test-2.4.12.jar:/home/traian/.m2/repository/org/springframework/boot/spring-boot-starter/2.4.12/spring-boot-starter-2.4.12.jar:/home/traian/.m2/repository/org/springframework/boot/spring-boot/2.4.12/spring-boot-2.4.12.jar:/home/traian/.m2/repository/org/springframework/boot/spring-boot-autoconfigure/2.4.12/spring-boot-autoconfigure-2.4.12.jar:/home/traian/.m2/repository/org/springframework/boot/spring-boot-starter-logging/2.4.12/spring-boot-starter-logging-2.4.12.jar:/home/traian/.m2/repository/ch/qos/logback/logback-classic/1.2.6/logback-classic-1.2.6.jar:/home/traian/.m2/repository/ch/qos/logback/logback-core/1.2.6/logback-core-1.2.6.jar:/home/traian/.m2/repository/org/apache/logging/log4j/log4j-to-slf4j/2.13.3/log4j-to-slf4j-2.13.3.jar:/home/traian/.m2/repository/org/apache/logging/log4j/log4j-api/2.13.3/log4j-api-2.13.3.jar:/home/traian/.m2/repository/org/slf4j/jul-to-slf4j/1.7.32/jul-to-slf4j-1.7.32.jar:/home/traian/.m2/repository/jakarta/annotation/jakarta.annotation-api/1.3.5/jakarta.annotation-api-1.3.5.jar:/home/traian/.m2/repository/org/yaml/snakeyaml/1.27/snakeyaml-1.27.jar:/home/traian/.m2/repository/org/springframework/boot/spring-boot-test/2.4.12/spring-boot-test-2.4.12.jar:/home/traian/.m2/repository/org/springframework/boot/spring-boot-test-autoconfigure/2.4.12/spring-boot-test-autoconfigure-2.4.12.jar:/home/traian/.m2/repository/com/jayway/jsonpath/json-path/2.4.0/json-path-2.4.0.jar:/home/traian/.m2/repository/net/minidev/json-smart/2.3.1/json-smart-2.3.1.jar:/home/traian/.m2/repository/net/minidev/accessors-smart/2.3.1/accessors-smart-2.3.1.jar:/home/traian/.m2/repository/org/ow2/asm/asm/5.0.4/asm-5.0.4.jar:/home/traian/.m2/repository/jakarta/xml/bind/jakarta.xml.bind-api/2.3.3/jakarta.xml.bind-api-2.3.3.jar:/home/traian/.m2/repository/jakarta/activation/jakarta.activation-api/1.2.2/jakarta.activation-api-1.2.2.jar:/home/traian/.m2/repository/org/assertj/assertj-core/3.18.1/assertj-core-3.18.1.jar:/home/traian/.m2/repository/org/hamcrest/hamcrest/2.2/hamcrest-2.2.jar:/home/traian/.m2/repository/org/junit/jupiter/junit-jupiter/5.7.2/junit-jupiter-5.7.2.jar:/home/traian/.m2/repository/org/junit/jupiter/junit-jupiter-api/5.7.2/junit-jupiter-api-5.7.2.jar:/home/traian/.m2/repository/org/apiguardian/apiguardian-api/1.1.0/apiguardian-api-1.1.0.jar:/home/traian/.m2/repository/org/opentest4j/opentest4j/1.2.0/opentest4j-1.2.0.jar:/home/traian/.m2/repository/org/junit/platform/junit-platform-commons/1.7.2/junit-platform-commons-1.7.2.jar:/home/traian/.m2/repository/org/junit/jupiter/junit-jupiter-params/5.7.2/junit-jupiter-params-5.7.2.jar:/home/traian/.m2/repository/org/junit/jupiter/junit-jupiter-engine/5.7.2/junit-jupiter-engine-5.7.2.jar:/home/traian/.m2/repository/org/junit/platform/junit-platform-engine/1.7.2/junit-platform-engine-1.7.2.jar:/home/traian/.m2/repository/org/mockito/mockito-core/3.6.28/mockito-core-3.6.28.jar:/home/traian/.m2/repository/net/bytebuddy/byte-buddy/1.10.22/byte-buddy-1.10.22.jar:/home/traian/.m2/repository/net/bytebuddy/byte-buddy-agent/1.10.22/byte-buddy-agent-1.10.22.jar:/home/traian/.m2/repository/org/objenesis/objenesis/3.1/objenesis-3.1.jar:/home/traian/.m2/repository/org/mockito/mockito-junit-jupiter/3.6.28/mockito-junit-jupiter-3.6.28.jar:/home/traian/.m2/repository/org/skyscreamer/jsonassert/1.5.0/jsonassert-1.5.0.jar:/home/traian/.m2/repository/com/vaadin/external/google/android-json/0.0.20131108.vaadin1/android-json-0.0.20131108.vaadin1.jar:/home/traian/.m2/repository/org/springframework/spring-core/5.3.12/spring-core-5.3.12.jar:/home/traian/.m2/repository/org/springframework/spring-jcl/5.3.12/spring-jcl-5.3.12.jar:/home/traian/.m2/repository/org/springframework/spring-test/5.3.12/spring-test-5.3.12.jar:/home/traian/.m2/repository/org/xmlunit/xmlunit-core/2.7.0/xmlunit-core-2.7.0.jar:/home/traian/.m2/repository/org/webjars/webjars-locator-core/0.46/webjars-locator-core-0.46.jar:/home/traian/.m2/repository/org/slf4j/slf4j-api/1.7.32/slf4j-api-1.7.32.jar:/home/traian/.m2/repository/io/github/classgraph/classgraph/4.8.69/classgraph-4.8.69.jar:/home/traian/.m2/repository/com/fasterxml/jackson/core/jackson-core/2.11.4/jackson-core-2.11.4.jar:/home/traian/.m2/repository/org/webjars/sockjs-client/1.0.2/sockjs-client-1.0.2.jar:/home/traian/.m2/repository/org/webjars/stomp-websocket/2.3.3/stomp-websocket-2.3.3.jar:/home/traian/.m2/repository/org/webjars/bootstrap/3.3.7/bootstrap-3.3.7.jar:/home/traian/.m2/repository/org/webjars/jquery/3.1.1-1/jquery-3.1.1-1.jar:"/>
    <property name="sun.cpu.endian" value="little"/>
    <property name="user.home" value="/home/traian"/>
    <property name="user.language" value="en"/>
    <property name="java.specification.vendor" value="Oracle Corporation"/>
    <property name="java.version.date" value="2019-01-15"/>
    <property name="java.home" value="/home/traian/tools/jdk-11.0.2"/>
    <property name="file.separator" value="/"/>
    <property name="basedir" value="/home/traian/Desktop/hakaton2021/wifi-traking"/>
    <property name="java.vm.compressedOopsMode" value="Zero based"/>
    <property name="line.separator" value="&#10;"/>
    <property name="java.specification.name" value="Java Platform API Specification"/>
    <property name="java.vm.specification.vendor" value="Oracle Corporation"/>
    <property name="java.awt.graphicsenv" value="sun.awt.X11GraphicsEnvironment"/>
    <property name="surefire.real.class.path" value="/home/traian/Desktop/hakaton2021/wifi-traking/target/surefire/surefirebooter12306293115592229789.jar"/>
    <property name="sun.management.compiler" value="HotSpot 64-Bit Tiered Compilers"/>
    <property name="java.runtime.version" value="11.0.2+9-LTS"/>
    <property name="user.name" value="traian"/>
    <property name="path.separator" value=":"/>
    <property name="os.version" value="5.4.0-89-generic"/>
    <property name="java.runtime.name" value="Java(TM) SE Runtime Environment"/>
    <property name="file.encoding" value="UTF-8"/>
    <property name="java.vm.name" value="Java HotSpot(TM) 64-Bit Server VM"/>
    <property name="java.vendor.version" value="18.9"/>
    <property name="localRepository" value="/home/traian/.m2/repository"/>
    <property name="java.vendor.url.bug" value="http://bugreport.java.com/bugreport/"/>
    <property name="java.io.tmpdir" value="/tmp"/>
    <property name="java.version" value="11.0.2"/>
    <property name="user.dir" value="/home/traian/Desktop/hakaton2021/wifi-traking"/>
    <property name="os.arch" value="amd64"/>
    <property name="java.vm.specification.name" value="Java Virtual Machine Specification"/>
    <property name="java.awt.printerjob" value="sun.print.PSPrinterJob"/>
    <property name="sun.os.patch.level" value="unknown"/>
    <property name="java.library.path" value="/usr/java/packages/lib:/usr/lib64:/lib64:/lib:/usr/lib"/>
    <property name="java.vendor" value="Oracle Corporation"/>
    <property name="java.vm.info" value="mixed mode"/>
    <property name="java.vm.version" value="11.0.2+9-LTS"/>
    <property name="sun.io.unicode.encoding" value="UnicodeLittle"/>
    <property name="java.class.version" value="55.0"/>
  </properties>
  <testcase name="contextLoads" classname="com.wifimodule.wifitraking.WifiTrakingApplicationTests" time="0.208"/>
</testsuite>